  [1m[35m (981.6ms)[0m  [1m[35mCREATE DATABASE "todolist-app_development" ENCODING = 'unicode'[0m
  ↳ /home/paradox/.rvm/gems/ruby-2.6.5/bin/rails:23
  [1m[35m (941.8ms)[0m  [1m[35mCREATE DATABASE "todolist-app_test" ENCODING = 'unicode'[0m
  ↳ /home/paradox/.rvm/gems/ruby-2.6.5/bin/rails:23
  [1m[35m (145.3ms)[0m  [1m[35mCREATE TABLE "schema_migrations" ("version" character varying NOT NULL PRIMARY KEY)[0m
  ↳ bin/rails:4
  [1m[35m (129.5ms)[0m  [1m[35mCREATE TABLE "ar_internal_metadata" ("key" character varying NOT NULL PRIMARY KEY, "value" character varying, "created_at" timestamp NOT NULL, "updated_at" timestamp NOT NULL)[0m
  ↳ bin/rails:4
  [1m[35m (0.3ms)[0m  [1m[34mSELECT pg_try_advisory_lock(34377518426153490)[0m
  ↳ bin/rails:4
  [1m[35m (1.0ms)[0m  [1m[34mSELECT "schema_migrations"."version" FROM "schema_migrations" ORDER BY "schema_migrations"."version" ASC[0m
  ↳ bin/rails:4
Migrating to DeviseCreateUsers (20181115104424)
  [1m[35m (0.3ms)[0m  [1m[35mBEGIN[0m
  ↳ bin/rails:4
  [1m[35m (300.5ms)[0m  [1m[35mCREATE TABLE "users" ("id" bigserial primary key, "email" character varying DEFAULT '' NOT NULL, "encrypted_password" character varying DEFAULT '' NOT NULL, "reset_password_token" character varying, "reset_password_sent_at" timestamp, "remember_created_at" timestamp, "created_at" timestamp NOT NULL, "updated_at" timestamp NOT NULL)[0m
  ↳ db/migrate/20181115104424_devise_create_users.rb:5
  [1m[35m (55.6ms)[0m  [1m[35mCREATE UNIQUE INDEX  "index_users_on_email" ON "users"  ("email")[0m
  ↳ db/migrate/20181115104424_devise_create_users.rb:39
  [1m[35m (70.9ms)[0m  [1m[35mCREATE UNIQUE INDEX  "index_users_on_reset_password_token" ON "users"  ("reset_password_token")[0m
  ↳ db/migrate/20181115104424_devise_create_users.rb:40
  [1m[36mActiveRecord::SchemaMigration Create (0.7ms)[0m  [1m[32mINSERT INTO "schema_migrations" ("version") VALUES ($1) RETURNING "version"[0m  [["version", "20181115104424"]]
  ↳ bin/rails:4
  [1m[35m (4.4ms)[0m  [1m[35mCOMMIT[0m
  ↳ bin/rails:4
Migrating to CreateCategories (20181115131426)
  [1m[35m (0.3ms)[0m  [1m[35mBEGIN[0m
  ↳ bin/rails:4
  [1m[35m (114.4ms)[0m  [1m[35mCREATE TABLE "categories" ("id" bigserial primary key, "title" character varying, "created_at" timestamp NOT NULL, "updated_at" timestamp NOT NULL)[0m
  ↳ db/migrate/20181115131426_create_categories.rb:3
  [1m[36mActiveRecord::SchemaMigration Create (0.4ms)[0m  [1m[32mINSERT INTO "schema_migrations" ("version") VALUES ($1) RETURNING "version"[0m  [["version", "20181115131426"]]
  ↳ bin/rails:4
  [1m[35m (25.1ms)[0m  [1m[35mCOMMIT[0m
  ↳ bin/rails:4
Migrating to CreateTasks (20181116110123)
  [1m[35m (0.3ms)[0m  [1m[35mBEGIN[0m
  ↳ bin/rails:4
  [1m[35m (137.4ms)[0m  [1m[35mCREATE TABLE "tasks" ("id" bigserial primary key, "created_at" timestamp NOT NULL, "updated_at" timestamp NOT NULL, "title" character varying, "status" boolean DEFAULT FALSE, "deadline" timestamp, "category_id" bigint)[0m
  ↳ db/migrate/20181116110123_create_tasks.rb:3
  [1m[35m (41.7ms)[0m  [1m[35mCREATE  INDEX  "index_tasks_on_category_id" ON "tasks"  ("category_id")[0m
  ↳ db/migrate/20181116110123_create_tasks.rb:3
  [1m[36mActiveRecord::SchemaMigration Create (0.5ms)[0m  [1m[32mINSERT INTO "schema_migrations" ("version") VALUES ($1) RETURNING "version"[0m  [["version", "20181116110123"]]
  ↳ bin/rails:4
  [1m[35m (23.7ms)[0m  [1m[35mCOMMIT[0m
  ↳ bin/rails:4
Migrating to AddImagetoTask (20181116110124)
  [1m[35m (0.3ms)[0m  [1m[35mBEGIN[0m
  ↳ bin/rails:4
  [1m[35m (0.6ms)[0m  [1m[35mALTER TABLE "tasks" ADD "image" character varying[0m
  ↳ db/migrate/20181116110124_add_imageto_task.rb:3
  [1m[36mActiveRecord::SchemaMigration Create (0.5ms)[0m  [1m[32mINSERT INTO "schema_migrations" ("version") VALUES ($1) RETURNING "version"[0m  [["version", "20181116110124"]]
  ↳ bin/rails:4
  [1m[35m (5.6ms)[0m  [1m[35mCOMMIT[0m
  ↳ bin/rails:4
  [1m[36mActiveRecord::InternalMetadata Load (0.7ms)[0m  [1m[34mSELECT  "ar_internal_metadata".* FROM "ar_internal_metadata" WHERE "ar_internal_metadata"."key" = $1 LIMIT $2[0m  [["key", "environment"], ["LIMIT", 1]]
  ↳ bin/rails:4
  [1m[35m (0.2ms)[0m  [1m[35mBEGIN[0m
  ↳ bin/rails:4
  [1m[36mActiveRecord::InternalMetadata Create (0.9ms)[0m  [1m[32mINSERT INTO "ar_internal_metadata" ("key", "value", "created_at", "updated_at") VALUES ($1, $2, $3, $4) RETURNING "key"[0m  [["key", "environment"], ["value", "development"], ["created_at", "2019-11-22 05:24:20.738562"], ["updated_at", "2019-11-22 05:24:20.738562"]]
  ↳ bin/rails:4
  [1m[35m (7.0ms)[0m  [1m[35mCOMMIT[0m
  ↳ bin/rails:4
  [1m[35m (0.5ms)[0m  [1m[34mSELECT pg_advisory_unlock(34377518426153490)[0m
  ↳ bin/rails:4
  [1m[35m (0.7ms)[0m  [1m[34mSELECT "schema_migrations"."version" FROM "schema_migrations" ORDER BY "schema_migrations"."version" ASC[0m
  ↳ bin/rails:4
  [1m[35m (0.8ms)[0m  [1m[34mSELECT "schema_migrations"."version" FROM "schema_migrations" ORDER BY "schema_migrations"."version" ASC[0m
  ↳ bin/rails:4
  [1m[35m (0.2ms)[0m  [1m[35mBEGIN[0m
  ↳ db/seeds.rb:11
  [1m[36mCategory Create (0.8ms)[0m  [1m[32mINSERT INTO "categories" ("title", "created_at", "updated_at") VALUES ($1, $2, $3) RETURNING "id"[0m  [["title", "Reference book"], ["created_at", "2019-11-22 05:24:34.515139"], ["updated_at", "2019-11-22 05:24:34.515139"]]
  ↳ db/seeds.rb:11
  [1m[35m (76.3ms)[0m  [1m[35mCOMMIT[0m
  ↳ db/seeds.rb:11
  [1m[35m (0.2ms)[0m  [1m[35mBEGIN[0m
  ↳ db/seeds.rb:17
  [1m[36mTask Create (0.8ms)[0m  [1m[32mINSERT INTO "tasks" ("created_at", "updated_at", "title", "deadline", "category_id", "image") VALUES ($1, $2, $3, $4, $5, $6) RETURNING "id"[0m  [["created_at", "2019-11-22 05:24:34.779304"], ["updated_at", "2019-11-22 05:24:34.779304"], ["title", "The Painted Veil"], ["deadline", "2019-12-04 00:00:00"], ["category_id", 1], ["image", "https://robohash.org/doloremquisperspiciatis.png?size=300x300&set=set1"]]
  ↳ db/seeds.rb:17
  [1m[35m (34.4ms)[0m  [1m[35mCOMMIT[0m
  ↳ db/seeds.rb:17
  [1m[35m (0.2ms)[0m  [1m[35mBEGIN[0m
  ↳ db/seeds.rb:17
  [1m[36mTask Create (0.4ms)[0m  [1m[32mINSERT INTO "tasks" ("created_at", "updated_at", "title", "deadline", "category_id", "image") VALUES ($1, $2, $3, $4, $5, $6) RETURNING "id"[0m  [["created_at", "2019-11-22 05:24:34.817777"], ["updated_at", "2019-11-22 05:24:34.817777"], ["title", "If Not Now, When?"], ["deadline", "2019-12-01 00:00:00"], ["category_id", 1], ["image", "https://robohash.org/solutaquisid.png?size=300x300&set=set1"]]
  ↳ db/seeds.rb:17
  [1m[35m (7.5ms)[0m  [1m[35mCOMMIT[0m
  ↳ db/seeds.rb:17
  [1m[35m (0.2ms)[0m  [1m[35mBEGIN[0m
  ↳ db/seeds.rb:17
  [1m[36mTask Create (0.4ms)[0m  [1m[32mINSERT INTO "tasks" ("created_at", "updated_at", "title", "deadline", "category_id", "image") VALUES ($1, $2, $3, $4, $5, $6) RETURNING "id"[0m  [["created_at", "2019-11-22 05:24:34.828227"], ["updated_at", "2019-11-22 05:24:34.828227"], ["title", "The Golden Bowl"], ["deadline", "2019-12-01 00:00:00"], ["category_id", 1], ["image", "https://robohash.org/quiutvoluptatem.png?size=300x300&set=set1"]]
  ↳ db/seeds.rb:17
  [1m[35m (8.2ms)[0m  [1m[35mCOMMIT[0m
  ↳ db/seeds.rb:17
  [1m[35m (0.1ms)[0m  [1m[35mBEGIN[0m
  ↳ db/seeds.rb:11
  [1m[36mCategory Create (0.4ms)[0m  [1m[32mINSERT INTO "categories" ("title", "created_at", "updated_at") VALUES ($1, $2, $3) RETURNING "id"[0m  [["title", "Textbook"], ["created_at", "2019-11-22 05:24:34.839136"], ["updated_at", "2019-11-22 05:24:34.839136"]]
  ↳ db/seeds.rb:11
  [1m[35m (8.5ms)[0m  [1m[35mCOMMIT[0m
  ↳ db/seeds.rb:11
  [1m[35m (0.2ms)[0m  [1m[35mBEGIN[0m
  ↳ db/seeds.rb:17
  [1m[36mTask Create (0.4ms)[0m  [1m[32mINSERT INTO "tasks" ("created_at", "updated_at", "title", "deadline", "category_id", "image") VALUES ($1, $2, $3, $4, $5, $6) RETURNING "id"[0m  [["created_at", "2019-11-22 05:24:34.850527"], ["updated_at", "2019-11-22 05:24:34.850527"], ["title", "A Handful of Dust"], ["deadline", "2019-11-25 00:00:00"], ["category_id", 2], ["image", "https://robohash.org/fugitrerumdolores.png?size=300x300&set=set1"]]
  ↳ db/seeds.rb:17
  [1m[35m (8.0ms)[0m  [1m[35mCOMMIT[0m
  ↳ db/seeds.rb:17
  [1m[35m (0.1ms)[0m  [1m[35mBEGIN[0m
  ↳ db/seeds.rb:17
  [1m[36mTask Create (0.4ms)[0m  [1m[32mINSERT INTO "tasks" ("created_at", "updated_at", "title", "deadline", "category_id", "image") VALUES ($1, $2, $3, $4, $5, $6) RETURNING "id"[0m  [["created_at", "2019-11-22 05:24:34.861512"], ["updated_at", "2019-11-22 05:24:34.861512"], ["title", "The Moving Toyshop"], ["deadline", "2019-12-07 00:00:00"], ["category_id", 2], ["image", "https://robohash.org/nondebitiseaque.png?size=300x300&set=set1"]]
  ↳ db/seeds.rb:17
  [1m[35m (8.2ms)[0m  [1m[35mCOMMIT[0m
  ↳ db/seeds.rb:17
  [1m[35m (0.1ms)[0m  [1m[35mBEGIN[0m
  ↳ db/seeds.rb:17
  [1m[36mTask Create (0.4ms)[0m  [1m[32mINSERT INTO "tasks" ("created_at", "updated_at", "title", "deadline", "category_id", "image") VALUES ($1, $2, $3, $4, $5, $6) RETURNING "id"[0m  [["created_at", "2019-11-22 05:24:34.872624"], ["updated_at", "2019-11-22 05:24:34.872624"], ["title", "To a God Unknown"], ["deadline", "2019-12-05 00:00:00"], ["category_id", 2], ["image", "https://robohash.org/ipsamtemporibusiste.png?size=300x300&set=set1"]]
  ↳ db/seeds.rb:17
  [1m[35m (8.3ms)[0m  [1m[35mCOMMIT[0m
  ↳ db/seeds.rb:17
  [1m[35m (0.3ms)[0m  [1m[35mBEGIN[0m
  ↳ db/seeds.rb:11
  [1m[36mCategory Create (0.5ms)[0m  [1m[32mINSERT INTO "categories" ("title", "created_at", "updated_at") VALUES ($1, $2, $3) RETURNING "id"[0m  [["title", "Classic"], ["created_at", "2019-11-22 05:24:34.884258"], ["updated_at", "2019-11-22 05:24:34.884258"]]
  ↳ db/seeds.rb:11
  [1m[35m (7.6ms)[0m  [1m[35mCOMMIT[0m
  ↳ db/seeds.rb:11
  [1m[35m (0.2ms)[0m  [1m[35mBEGIN[0m
  ↳ db/seeds.rb:17
  [1m[36mTask Create (0.5ms)[0m  [1m[32mINSERT INTO "tasks" ("created_at", "updated_at", "title", "deadline", "category_id", "image") VALUES ($1, $2, $3, $4, $5, $6) RETURNING "id"[0m  [["created_at", "2019-11-22 05:24:34.894949"], ["updated_at", "2019-11-22 05:24:34.894949"], ["title", "The Wives of Bath"], ["deadline", "2019-11-30 00:00:00"], ["category_id", 3], ["image", "https://robohash.org/molestiaenisitemporibus.png?size=300x300&set=set1"]]
  ↳ db/seeds.rb:17
  [1m[35m (7.9ms)[0m  [1m[35mCOMMIT[0m
  ↳ db/seeds.rb:17
  [1m[35m (0.2ms)[0m  [1m[35mBEGIN[0m
  ↳ db/seeds.rb:17
  [1m[36mTask Create (0.4ms)[0m  [1m[32mINSERT INTO "tasks" ("created_at", "updated_at", "title", "deadline", "category_id", "image") VALUES ($1, $2, $3, $4, $5, $6) RETURNING "id"[0m  [["created_at", "2019-11-22 05:24:34.906122"], ["updated_at", "2019-11-22 05:24:34.906122"], ["title", "The Moving Toyshop"], ["deadline", "2019-12-02 00:00:00"], ["category_id", 3], ["image", "https://robohash.org/oditnisiconsectetur.png?size=300x300&set=set1"]]
  ↳ db/seeds.rb:17
  [1m[35m (8.0ms)[0m  [1m[35mCOMMIT[0m
  ↳ db/seeds.rb:17
  [1m[35m (0.1ms)[0m  [1m[35mBEGIN[0m
  ↳ db/seeds.rb:17
  [1m[36mTask Create (0.4ms)[0m  [1m[32mINSERT INTO "tasks" ("created_at", "updated_at", "title", "deadline", "category_id", "image") VALUES ($1, $2, $3, $4, $5, $6) RETURNING "id"[0m  [["created_at", "2019-11-22 05:24:34.917107"], ["updated_at", "2019-11-22 05:24:34.917107"], ["title", "Recalled to Life"], ["deadline", "2019-11-26 00:00:00"], ["category_id", 3], ["image", "https://robohash.org/magniquidemmolestias.png?size=300x300&set=set1"]]
  ↳ db/seeds.rb:17
  [1m[35m (8.1ms)[0m  [1m[35mCOMMIT[0m
  ↳ db/seeds.rb:17
Started GET "/" for 127.0.0.1 at 2019-11-22 08:24:56 +0300
  [1m[35m (1.2ms)[0m  [1m[34mSELECT "schema_migrations"."version" FROM "schema_migrations" ORDER BY "schema_migrations"."version" ASC[0m
  ↳ /home/paradox/.rvm/gems/ruby-2.6.5/gems/activerecord-5.2.1/lib/active_record/log_subscriber.rb:98
Processing by HomeController#index as HTML
  Rendering home/index.html.erb within layouts/application
  [1m[36mCategory Load (1.0ms)[0m  [1m[34mSELECT "categories".* FROM "categories"[0m
  ↳ app/views/layouts/_task_form.html.erb:18
  Rendered layouts/_task_form.html.erb (128.3ms)
  [1m[36mTask Load (0.7ms)[0m  [1m[34mSELECT "tasks".* FROM "tasks" WHERE "tasks"."category_id" = $1[0m  [["category_id", 1]]
  ↳ app/views/home/index.html.erb:9
  [1m[36mTask Load (0.4ms)[0m  [1m[34mSELECT "tasks".* FROM "tasks" WHERE "tasks"."category_id" = $1[0m  [["category_id", 2]]
  ↳ app/views/home/index.html.erb:9
  [1m[36mTask Load (0.5ms)[0m  [1m[34mSELECT "tasks".* FROM "tasks" WHERE "tasks"."category_id" = $1[0m  [["category_id", 3]]
  ↳ app/views/home/index.html.erb:9
  [1m[36mTask Load (0.6ms)[0m  [1m[34mSELECT "tasks".* FROM "tasks"[0m
  ↳ app/views/home/index.html.erb:25
  Rendered home/index.html.erb within layouts/application (446.5ms)
  [1m[36mUser Load (494.3ms)[0m  [1m[34mSELECT  "users".* FROM "users" WHERE "users"."id" = $1 ORDER BY "users"."id" ASC LIMIT $2[0m  [["id", 1], ["LIMIT", 1]]
  ↳ app/views/layouts/_navbar.html.erb:9
  Rendered layouts/_navbar.html.erb (4342.9ms)
  Rendered layouts/_flash.html.erb (0.7ms)
  Rendered layouts/_login_form.html.erb (15349.9ms)
  Rendered layouts/_signup_form.html.erb (5.0ms)
Completed 200 OK in 63231ms (Views: 60319.8ms | ActiveRecord: 2652.7ms)


Started POST "/tasks" for 127.0.0.1 at 2019-11-22 08:27:03 +0300
Processing by TasksController#create as HTML
  Parameters: {"utf8"=>"✓", "authenticity_token"=>"XiE0iAkWBzrghRggoaDgCPDQJLaQJ7qxXZbdtmLdA2eHEf1lYWWsZD5xHuP5os93Vi94kCuBMN26p9vfqzv12A==", "title"=>"azertyui", "deadline"=>"2019-11-23", "Category"=>"2", "commit"=>"Create task"}
Completed 401 Unauthorized in 33ms (ActiveRecord: 0.0ms)


Started GET "/users/sign_in" for 127.0.0.1 at 2019-11-22 08:27:03 +0300
Processing by Devise::SessionsController#new as HTML
  Rendering devise/sessions/new.html.erb within layouts/application
  Rendered devise/shared/_links.html.erb (2.4ms)
  Rendered devise/sessions/new.html.erb within layouts/application (8.0ms)
  Rendered layouts/_navbar.html.erb (1.1ms)
  Rendered layouts/_flash.html.erb (0.6ms)
  Rendered layouts/_login_form.html.erb (4.3ms)
  Rendered layouts/_signup_form.html.erb (2.8ms)
Completed 200 OK in 222ms (Views: 202.0ms | ActiveRecord: 0.0ms)


Started POST "/users" for 127.0.0.1 at 2019-11-22 08:27:27 +0300
Processing by Devise::RegistrationsController#create as HTML
  Parameters: {"utf8"=>"✓", "authenticity_token"=>"nqaepe6pUHio7rewNeRlKzgK40nRy693OnnAjd+ZVVfTQ+bc3rx4m8S21ybfGxRZWFv6CoFMrVITK/BD47IWsQ==", "user"=>{"email"=>"babakoto@yopmail.com", "password"=>"[FILTERED]", "password_confirmation"=>"[FILTERED]"}, "commit"=>"Sign Up"}
  [1m[35m (0.2ms)[0m  [1m[35mBEGIN[0m
  ↳ /home/paradox/.rvm/gems/ruby-2.6.5/gems/activerecord-5.2.1/lib/active_record/log_subscriber.rb:98
  [1m[36mUser Exists (1.7ms)[0m  [1m[34mSELECT  1 AS one FROM "users" WHERE "users"."email" = $1 LIMIT $2[0m  [["email", "babakoto@yopmail.com"], ["LIMIT", 1]]
  ↳ /home/paradox/.rvm/gems/ruby-2.6.5/gems/activerecord-5.2.1/lib/active_record/log_subscriber.rb:98
  [1m[36mUser Create (55.4ms)[0m  [1m[32mINSERT INTO "users" ("email", "encrypted_password", "created_at", "updated_at") VALUES ($1, $2, $3, $4) RETURNING "id"[0m  [["email", "babakoto@yopmail.com"], ["encrypted_password", "$2a$11$wlse6NKCVmYI6Iv2Wemle.jvFDQE9f0GIyFp832FSnRivOjd3ShvS"], ["created_at", "2019-11-22 05:27:28.301232"], ["updated_at", "2019-11-22 05:27:28.301232"]]
  ↳ /home/paradox/.rvm/gems/ruby-2.6.5/gems/activerecord-5.2.1/lib/active_record/log_subscriber.rb:98
  [1m[35m (38.5ms)[0m  [1m[35mCOMMIT[0m
  ↳ /home/paradox/.rvm/gems/ruby-2.6.5/gems/activerecord-5.2.1/lib/active_record/log_subscriber.rb:98
Redirected to http://localhost:3000/
Completed 302 Found in 1028ms (ActiveRecord: 95.9ms)


Started GET "/" for 127.0.0.1 at 2019-11-22 08:27:28 +0300
Processing by HomeController#index as HTML
  Rendering home/index.html.erb within layouts/application
  [1m[36mCategory Load (0.8ms)[0m  [1m[34mSELECT "categories".* FROM "categories"[0m
  ↳ app/views/layouts/_task_form.html.erb:18
  Rendered layouts/_task_form.html.erb (5.8ms)
  [1m[36mTask Load (0.7ms)[0m  [1m[34mSELECT "tasks".* FROM "tasks" WHERE "tasks"."category_id" = $1[0m  [["category_id", 1]]
  ↳ app/views/home/index.html.erb:9
  [1m[36mTask Load (1.9ms)[0m  [1m[34mSELECT "tasks".* FROM "tasks" WHERE "tasks"."category_id" = $1[0m  [["category_id", 2]]
  ↳ app/views/home/index.html.erb:9
  [1m[36mTask Load (0.6ms)[0m  [1m[34mSELECT "tasks".* FROM "tasks" WHERE "tasks"."category_id" = $1[0m  [["category_id", 3]]
  ↳ app/views/home/index.html.erb:9
  [1m[36mTask Load (1.0ms)[0m  [1m[34mSELECT "tasks".* FROM "tasks"[0m
  ↳ app/views/home/index.html.erb:25
  Rendered home/index.html.erb within layouts/application (36.2ms)
  [1m[36mUser Load (2.1ms)[0m  [1m[34mSELECT  "users".* FROM "users" WHERE "users"."id" = $1 ORDER BY "users"."id" ASC LIMIT $2[0m  [["id", 1], ["LIMIT", 1]]
  ↳ app/views/layouts/_navbar.html.erb:9
  Rendered layouts/_navbar.html.erb (5.2ms)
  Rendered layouts/_flash.html.erb (0.5ms)
  Rendered layouts/_login_form.html.erb (3.8ms)
  Rendered layouts/_signup_form.html.erb (3.4ms)
Completed 200 OK in 124ms (Views: 90.9ms | ActiveRecord: 7.5ms)


Started POST "/tasks" for 127.0.0.1 at 2019-11-22 08:27:48 +0300
Processing by TasksController#create as HTML
  Parameters: {"utf8"=>"✓", "authenticity_token"=>"lzN2imRwrthkzgX/j6JgNDzVIuDLrkPWeM9evjdiskdOA79nDAMFhro6AzzXoE9Lmip+xnAIybqf/ljX/oRE+A==", "title"=>"azertyuiop", "deadline"=>"2019-11-23", "Category"=>"2", "commit"=>"Create task"}
  [1m[36mUser Load (0.7ms)[0m  [1m[34mSELECT  "users".* FROM "users" WHERE "users"."id" = $1 ORDER BY "users"."id" ASC LIMIT $2[0m  [["id", 1], ["LIMIT", 1]]
  ↳ /home/paradox/.rvm/gems/ruby-2.6.5/gems/activerecord-5.2.1/lib/active_record/log_subscriber.rb:98
Unpermitted parameters: :utf8, :authenticity_token, :Category, :commit
  [1m[36mCategory Load (0.5ms)[0m  [1m[34mSELECT  "categories".* FROM "categories" WHERE "categories"."id" = $1 LIMIT $2[0m  [["id", 2], ["LIMIT", 1]]
  ↳ app/controllers/tasks_controller.rb:9
  [1m[35m (0.2ms)[0m  [1m[35mBEGIN[0m
  ↳ app/controllers/tasks_controller.rb:11
  [1m[36mTask Create (0.8ms)[0m  [1m[32mINSERT INTO "tasks" ("created_at", "updated_at", "title", "deadline", "category_id") VALUES ($1, $2, $3, $4, $5) RETURNING "id"[0m  [["created_at", "2019-11-22 05:27:48.986500"], ["updated_at", "2019-11-22 05:27:48.986500"], ["title", "azertyuiop"], ["deadline", "2019-11-23 00:00:00"], ["category_id", 2]]
  ↳ app/controllers/tasks_controller.rb:11
  [1m[35m (180.5ms)[0m  [1m[35mCOMMIT[0m
  ↳ app/controllers/tasks_controller.rb:11
Redirected to http://localhost:3000/
Completed 302 Found in 380ms (ActiveRecord: 182.7ms)


Started GET "/" for 127.0.0.1 at 2019-11-22 08:27:49 +0300
Processing by HomeController#index as HTML
  Rendering home/index.html.erb within layouts/application
  [1m[36mCategory Load (0.4ms)[0m  [1m[34mSELECT "categories".* FROM "categories"[0m
  ↳ app/views/layouts/_task_form.html.erb:18
  Rendered layouts/_task_form.html.erb (3.2ms)
  [1m[36mTask Load (0.4ms)[0m  [1m[34mSELECT "tasks".* FROM "tasks" WHERE "tasks"."category_id" = $1[0m  [["category_id", 1]]
  ↳ app/views/home/index.html.erb:9
  [1m[36mTask Load (0.4ms)[0m  [1m[34mSELECT "tasks".* FROM "tasks" WHERE "tasks"."category_id" = $1[0m  [["category_id", 2]]
  ↳ app/views/home/index.html.erb:9
  [1m[36mTask Load (0.4ms)[0m  [1m[34mSELECT "tasks".* FROM "tasks" WHERE "tasks"."category_id" = $1[0m  [["category_id", 3]]
  ↳ app/views/home/index.html.erb:9
  [1m[36mTask Load (0.4ms)[0m  [1m[34mSELECT "tasks".* FROM "tasks"[0m
  ↳ app/views/home/index.html.erb:25
  Rendered home/index.html.erb within layouts/application (14.1ms)
  [1m[36mUser Load (0.5ms)[0m  [1m[34mSELECT  "users".* FROM "users" WHERE "users"."id" = $1 ORDER BY "users"."id" ASC LIMIT $2[0m  [["id", 1], ["LIMIT", 1]]
  ↳ app/views/layouts/_navbar.html.erb:9
  Rendered layouts/_navbar.html.erb (3.6ms)
  Rendered layouts/_flash.html.erb (0.5ms)
  Rendered layouts/_login_form.html.erb (3.7ms)
  Rendered layouts/_signup_form.html.erb (3.1ms)
Completed 200 OK in 75ms (Views: 70.8ms | ActiveRecord: 2.4ms)


Started POST "/tasks" for 127.0.0.1 at 2019-11-22 08:28:12 +0300
Processing by TasksController#create as HTML
  Parameters: {"utf8"=>"✓", "authenticity_token"=>"iIbSUnskNUTIUCRDVsbZUPZtr9rlT7yVbCM0zK+p32dRthu/E1eeGhakIoAOxPYvUJLz/F7pNvmLEjKlZk8p2A==", "title"=>"qsddftyuui", "deadline"=>"2019-11-24", "Category"=>"1", "commit"=>"Create task"}
  [1m[36mUser Load (0.7ms)[0m  [1m[34mSELECT  "users".* FROM "users" WHERE "users"."id" = $1 ORDER BY "users"."id" ASC LIMIT $2[0m  [["id", 1], ["LIMIT", 1]]
  ↳ /home/paradox/.rvm/gems/ruby-2.6.5/gems/activerecord-5.2.1/lib/active_record/log_subscriber.rb:98
Unpermitted parameters: :utf8, :authenticity_token, :Category, :commit
  [1m[36mCategory Load (0.6ms)[0m  [1m[34mSELECT  "categories".* FROM "categories" WHERE "categories"."id" = $1 LIMIT $2[0m  [["id", 1], ["LIMIT", 1]]
  ↳ app/controllers/tasks_controller.rb:9
  [1m[35m (0.2ms)[0m  [1m[35mBEGIN[0m
  ↳ app/controllers/tasks_controller.rb:11
  [1m[36mTask Create (1.1ms)[0m  [1m[32mINSERT INTO "tasks" ("created_at", "updated_at", "title", "deadline", "category_id") VALUES ($1, $2, $3, $4, $5) RETURNING "id"[0m  [["created_at", "2019-11-22 05:28:12.236193"], ["updated_at", "2019-11-22 05:28:12.236193"], ["title", "qsddftyuui"], ["deadline", "2019-11-24 00:00:00"], ["category_id", 1]]
  ↳ app/controllers/tasks_controller.rb:11
  [1m[35m (36.5ms)[0m  [1m[35mCOMMIT[0m
  ↳ app/controllers/tasks_controller.rb:11
Redirected to http://localhost:3000/
Completed 302 Found in 50ms (ActiveRecord: 39.0ms)


Started GET "/" for 127.0.0.1 at 2019-11-22 08:28:12 +0300
Processing by HomeController#index as HTML
  Rendering home/index.html.erb within layouts/application
  [1m[36mCategory Load (0.9ms)[0m  [1m[34mSELECT "categories".* FROM "categories"[0m
  ↳ app/views/layouts/_task_form.html.erb:18
  Rendered layouts/_task_form.html.erb (4.5ms)
  [1m[36mTask Load (0.4ms)[0m  [1m[34mSELECT "tasks".* FROM "tasks" WHERE "tasks"."category_id" = $1[0m  [["category_id", 1]]
  ↳ app/views/home/index.html.erb:9
  [1m[36mTask Load (0.3ms)[0m  [1m[34mSELECT "tasks".* FROM "tasks" WHERE "tasks"."category_id" = $1[0m  [["category_id", 2]]
  ↳ app/views/home/index.html.erb:9
  [1m[36mTask Load (0.4ms)[0m  [1m[34mSELECT "tasks".* FROM "tasks" WHERE "tasks"."category_id" = $1[0m  [["category_id", 3]]
  ↳ app/views/home/index.html.erb:9
  [1m[36mTask Load (0.5ms)[0m  [1m[34mSELECT "tasks".* FROM "tasks"[0m
  ↳ app/views/home/index.html.erb:25
  Rendered home/index.html.erb within layouts/application (16.7ms)
  [1m[36mUser Load (0.8ms)[0m  [1m[34mSELECT  "users".* FROM "users" WHERE "users"."id" = $1 ORDER BY "users"."id" ASC LIMIT $2[0m  [["id", 1], ["LIMIT", 1]]
  ↳ app/views/layouts/_navbar.html.erb:9
  Rendered layouts/_navbar.html.erb (4.8ms)
  Rendered layouts/_flash.html.erb (0.5ms)
  Rendered layouts/_login_form.html.erb (3.9ms)
  Rendered layouts/_signup_form.html.erb (4.2ms)
Completed 200 OK in 75ms (Views: 70.2ms | ActiveRecord: 3.3ms)


Started POST "/tasks" for 127.0.0.1 at 2019-11-22 08:29:57 +0300
Processing by TasksController#create as HTML
  Parameters: {"utf8"=>"✓", "authenticity_token"=>"R/Gs1YDiiUSRNiIJlwTz4iyfxuUVuU8RuBAd11X/wWKewWU46JEiGk/CJMrPBtydimCaw64fxX1fIRu+nBk33Q==", "title"=>"dqsjdkfg", "deadline"=>"2019-11-26", "Category"=>"1", "commit"=>"Create task"}
  [1m[36mUser Load (0.7ms)[0m  [1m[34mSELECT  "users".* FROM "users" WHERE "users"."id" = $1 ORDER BY "users"."id" ASC LIMIT $2[0m  [["id", 1], ["LIMIT", 1]]
  ↳ /home/paradox/.rvm/gems/ruby-2.6.5/gems/activerecord-5.2.1/lib/active_record/log_subscriber.rb:98
Unpermitted parameters: :utf8, :authenticity_token, :Category, :commit
  [1m[36mCategory Load (0.6ms)[0m  [1m[34mSELECT  "categories".* FROM "categories" WHERE "categories"."id" = $1 LIMIT $2[0m  [["id", 1], ["LIMIT", 1]]
  ↳ app/controllers/tasks_controller.rb:9
  [1m[35m (0.9ms)[0m  [1m[35mBEGIN[0m
  ↳ app/controllers/tasks_controller.rb:11
  [1m[36mTask Create (0.7ms)[0m  [1m[32mINSERT INTO "tasks" ("created_at", "updated_at", "title", "deadline", "category_id") VALUES ($1, $2, $3, $4, $5) RETURNING "id"[0m  [["created_at", "2019-11-22 05:29:57.391776"], ["updated_at", "2019-11-22 05:29:57.391776"], ["title", "dqsjdkfg"], ["deadline", "2019-11-26 00:00:00"], ["category_id", 1]]
  ↳ app/controllers/tasks_controller.rb:11
  [1m[35m (129.6ms)[0m  [1m[35mCOMMIT[0m
  ↳ app/controllers/tasks_controller.rb:11
Redirected to http://localhost:3000/
Completed 302 Found in 146ms (ActiveRecord: 132.5ms)


Started GET "/" for 127.0.0.1 at 2019-11-22 08:29:57 +0300
Processing by HomeController#index as HTML
  Rendering home/index.html.erb within layouts/application
  [1m[36mCategory Load (0.5ms)[0m  [1m[34mSELECT "categories".* FROM "categories"[0m
  ↳ app/views/layouts/_task_form.html.erb:18
  Rendered layouts/_task_form.html.erb (5.3ms)
  [1m[36mTask Load (0.4ms)[0m  [1m[34mSELECT "tasks".* FROM "tasks" WHERE "tasks"."category_id" = $1[0m  [["category_id", 1]]
  ↳ app/views/home/index.html.erb:9
  [1m[36mTask Load (0.4ms)[0m  [1m[34mSELECT "tasks".* FROM "tasks" WHERE "tasks"."category_id" = $1[0m  [["category_id", 2]]
  ↳ app/views/home/index.html.erb:9
  [1m[36mTask Load (0.4ms)[0m  [1m[34mSELECT "tasks".* FROM "tasks" WHERE "tasks"."category_id" = $1[0m  [["category_id", 3]]
  ↳ app/views/home/index.html.erb:9
  [1m[36mTask Load (0.5ms)[0m  [1m[34mSELECT "tasks".* FROM "tasks"[0m
  ↳ app/views/home/index.html.erb:25
  Rendered home/index.html.erb within layouts/application (22.3ms)
  [1m[36mUser Load (0.6ms)[0m  [1m[34mSELECT  "users".* FROM "users" WHERE "users"."id" = $1 ORDER BY "users"."id" ASC LIMIT $2[0m  [["id", 1], ["LIMIT", 1]]
  ↳ app/views/layouts/_navbar.html.erb:9
  Rendered layouts/_navbar.html.erb (5.0ms)
  Rendered layouts/_flash.html.erb (0.8ms)
  Rendered layouts/_login_form.html.erb (4.5ms)
  Rendered layouts/_signup_form.html.erb (4.3ms)
Completed 200 OK in 94ms (Views: 89.4ms | ActiveRecord: 2.8ms)


